Added Component: Designator=C1(C 0603)
Added Component: Designator=C2(C 0603)
Added Component: Designator=C?(C 0402)
Added Component: Designator=C?(C 0402)
Added Component: Designator=C?(C 0402)
Added Component: Designator=C?(C 0402)
Added Component: Designator=IC?(SOP65P490X110-8N)
Add component (AddParameter): Name = "Arrow Part Number"; Value = "TLV2462CDGKR"; VariantName = "[No Variations]"
Add component (AddParameter): Name = "Arrow Price/Stock"; Value = "https://www.arrow.com/en/products/tlv2462cdgkr/texas-instruments?region=nac"; VariantName = "[No Variations]"
Add component (AddParameter): Name = "Datasheet Link"; Value = "http://www.ti.com/lit/gpn/TLV2462"; VariantName = "[No Variations]"
Add component (AddParameter): Name = "Height"; Value = "1.1mm"; VariantName = "[No Variations]"
Add component (AddParameter): Name = "Manufacturer_Name"; Value = "Texas Instruments"; VariantName = "[No Variations]"
Add component (AddParameter): Name = "Manufacturer_Part_Number"; Value = "TLV2462CDGKR"; VariantName = "[No Variations]"
Add component (AddParameter): Name = "Mouser Part Number"; Value = "595-TLV2462CDGKR"; VariantName = "[No Variations]"
Add component (AddParameter): Name = "Mouser Price/Stock"; Value = "https://www.mouser.co.uk/ProductDetail/Texas-Instruments/TLV2462CDGKR?qs=Fg5TsMy7H4uE1B0PPHeSQQ%3D%3D"; VariantName = "[No Variations]"
Added Component: Designator=PROG(BM04B-SRSS-TB)
Added Component: Designator=R?(R 0402)
Added Component: Designator=R?(R 0402)
Added Component: Designator=R?(R 0402)
Added Component: Designator=R?(R 0402)
Added Component: Designator=R?(R 0402)
Added Component: Designator=R?(R 0402)
Added Component: Designator=R?(R 0402)
Added Component: Designator=R?(R 0402)
Added Component: Designator=R?(R 0402)
Added Component: Designator=R?(R 0402)
Added Component: Designator=R?(R 0402)
Added Component: Designator=R?(R 0402)
Added Component: Designator=R?(R 0402)
Added Component: Designator=R?(R 0402)
Added Component: Designator=R?(R 0402)
Added Component: Designator=R?(R 0402)
Added Pin To Net: NetName=3.3V Pin=C1-1
Added Pin To Net: NetName=3.3V Pin=C2-1
Added Pin To Net: NetName=3.3V Pin=IC?-8
Added Pin To Net: NetName=3.3V Pin=R?-1
Added Net: Name=3.3V
Added Pin To Net: NetName=A_NEG_IN_1 Pin=IC?-2
Added Pin To Net: NetName=A_NEG_IN_1 Pin=R?-2
Added Net: Name=A_NEG_IN_1
Added Pin To Net: NetName=A_NEG_IN_2 Pin=IC?-6
Added Pin To Net: NetName=A_NEG_IN_2 Pin=R?-1
Added Pin To Net: NetName=A_NEG_IN_2 Pin=R?-2
Added Net: Name=A_NEG_IN_2
Added Pin To Net: NetName=A_OUT_1 Pin=IC?-1
Added Pin To Net: NetName=A_OUT_1 Pin=R?-1
Added Pin To Net: NetName=A_OUT_1 Pin=R?-2
Added Net: Name=A_OUT_1
Added Pin To Net: NetName=A_OUT_2 Pin=IC?-7
Added Pin To Net: NetName=A_OUT_2 Pin=R?-2
Added Net: Name=A_OUT_2
Added Pin To Net: NetName=A_POS_IN_1 Pin=IC?-3
Added Net: Name=A_POS_IN_1
Added Pin To Net: NetName=A_POS_IN_2 Pin=IC?-5
Added Pin To Net: NetName=A_POS_IN_2 Pin=R?-1
Added Net: Name=A_POS_IN_2
Added Pin To Net: NetName=GND Pin=C1-2
Added Pin To Net: NetName=GND Pin=C2-2
Added Pin To Net: NetName=GND Pin=IC?-4
Added Pin To Net: NetName=GND Pin=PROG-3
Added Pin To Net: NetName=GND Pin=R?-2
Added Pin To Net: NetName=GND Pin=R?-2
Added Pin To Net: NetName=GND Pin=R?-2
Added Pin To Net: NetName=GND Pin=R?-2
Added Pin To Net: NetName=GND Pin=R?-2
Added Pin To Net: NetName=GND Pin=R?-2
Added Net: Name=GND
Added Pin To Net: NetName=NetC?_1 Pin=C?-1
Added Pin To Net: NetName=NetC?_1 Pin=R?-1
Added Pin To Net: NetName=NetC?_1 Pin=R?-2
Added Net: Name=NetC?_1
Added Pin To Net: NetName=NetC?_2 Pin=C?-2
Added Pin To Net: NetName=NetC?_2 Pin=R?-1
Added Net: Name=NetC?_2
Added Net: Name=NetCON1_2
Added Net: Name=NetCON1_3
Added Net: Name=NetCON2_2
Added Pin To Net: NetName=NetR?_1 Pin=R?-1
Added Pin To Net: NetName=NetR?_1 Pin=R?-1
Added Net: Name=NetR?_1
Added Pin To Net: NetName=RESET Pin=PROG-1
Added Net: Name=RESET
Added Pin To Net: NetName=SWCLK Pin=PROG-4
Added Net: Name=SWCLK
Added Pin To Net: NetName=SWDIO Pin=PROG-2
Added Net: Name=SWDIO
Added Class: Name=ADC
Added Class: Name=main
Added Room: Name=ADC
Added Room: Name=main
