Added Component: Designator=C1(C 0603)
Added Component: Designator=C2(C 0603)
Added Component: Designator=C3(C 0402)
Added Component: Designator=C4(C 0402)
Added Component: Designator=C5(C 0402)
Added Component: Designator=C6(C 0402)
Added Component: Designator=CON1(Goldpin 2.54 3P)
Added Component: Designator=CON2(Goldpin 2.54mm  5Pin)
Added Component: Designator=CON3(BM04B-SRSS-TB)
Added Component: Designator=IC2(SOIC127P600X175-8N)
Add component (AddParameter): Name = "Arrow Part Number"; Value = "TLV2462CD"; VariantName = "[No Variations]"
Add component (AddParameter): Name = "Arrow Price/Stock"; Value = "https://www.arrow.com/en/products/tlv2462cd/texas-instruments?region=nac"; VariantName = "[No Variations]"
Add component (AddParameter): Name = "Datasheet Link"; Value = "http://www.ti.com/lit/ds/symlink/tlv2462.pdf"; VariantName = "[No Variations]"
Add component (AddParameter): Name = "Height"; Value = "1.75mm"; VariantName = "[No Variations]"
Add component (AddParameter): Name = "Manufacturer_Name"; Value = "Texas Instruments"; VariantName = "[No Variations]"
Add component (AddParameter): Name = "Manufacturer_Part_Number"; Value = "TLV2462CD"; VariantName = "[No Variations]"
Add component (AddParameter): Name = "Mouser Part Number"; Value = "595-TLV2462CD"; VariantName = "[No Variations]"
Add component (AddParameter): Name = "Mouser Price/Stock"; Value = "https://www.mouser.co.uk/ProductDetail/Texas-Instruments/TLV2462CD?qs=ZA235jQDfbpG9ihY0Sx8Cg%3D%3D"; VariantName = "[No Variations]"
Added Component: Designator=IC?(20-UFQFPN)
Added Component: Designator=R1(R 0402)
Added Component: Designator=R2(R 0402)
Added Component: Designator=R3(R 0402)
Added Component: Designator=R4(R 0402)
Added Component: Designator=R5(R 0402)
Added Component: Designator=R6(R 0402)
Added Component: Designator=R7(R 0402)
Added Component: Designator=R8(R 0402)
Added Component: Designator=R9(R 0402)
Added Component: Designator=R10(R 0402)
Added Component: Designator=R11(R 0402)
Added Component: Designator=R12(R 0402)
Added Component: Designator=R13(R 0402)
Added Component: Designator=R14(R 0402)
Added Component: Designator=R15(R 0402)
Added Component: Designator=R16(R 0402)
Added Pin To Net: NetName=3.3V Pin=C1-1
Added Pin To Net: NetName=3.3V Pin=C2-1
Added Pin To Net: NetName=3.3V Pin=CON2-1
Added Pin To Net: NetName=3.3V Pin=CON2-5
Added Pin To Net: NetName=3.3V Pin=IC2-8
Added Pin To Net: NetName=3.3V Pin=IC?-2
Added Pin To Net: NetName=3.3V Pin=R8-1
Added Net: Name=3.3V
Added Pin To Net: NetName=A_NEG_IN_1 Pin=IC2-2
Added Pin To Net: NetName=A_NEG_IN_1 Pin=R10-2
Added Net: Name=A_NEG_IN_1
Added Pin To Net: NetName=A_NEG_IN_2 Pin=IC2-6
Added Pin To Net: NetName=A_NEG_IN_2 Pin=R8-2
Added Pin To Net: NetName=A_NEG_IN_2 Pin=R16-1
Added Net: Name=A_NEG_IN_2
Added Pin To Net: NetName=A_OUT_1 Pin=IC2-1
Added Pin To Net: NetName=A_OUT_1 Pin=R7-1
Added Pin To Net: NetName=A_OUT_1 Pin=R11-2
Added Net: Name=A_OUT_1
Added Pin To Net: NetName=A_OUT_2 Pin=IC2-7
Added Pin To Net: NetName=A_OUT_2 Pin=IC?-8
Added Pin To Net: NetName=A_OUT_2 Pin=R9-2
Added Net: Name=A_OUT_2
Added Pin To Net: NetName=A_POS_IN_1 Pin=CON2-3
Added Pin To Net: NetName=A_POS_IN_1 Pin=IC2-3
Added Net: Name=A_POS_IN_1
Added Pin To Net: NetName=A_POS_IN_2 Pin=IC2-5
Added Pin To Net: NetName=A_POS_IN_2 Pin=R13-1
Added Net: Name=A_POS_IN_2
Added Pin To Net: NetName=GND Pin=C1-2
Added Pin To Net: NetName=GND Pin=C2-2
Added Pin To Net: NetName=GND Pin=CON1-1
Added Pin To Net: NetName=GND Pin=CON2-2
Added Pin To Net: NetName=GND Pin=CON3-2
Added Pin To Net: NetName=GND Pin=IC2-4
Added Pin To Net: NetName=GND Pin=IC?-3
Added Pin To Net: NetName=GND Pin=R4-2
Added Pin To Net: NetName=GND Pin=R5-2
Added Pin To Net: NetName=GND Pin=R6-2
Added Pin To Net: NetName=GND Pin=R14-2
Added Pin To Net: NetName=GND Pin=R15-2
Added Pin To Net: NetName=GND Pin=R16-2
Added Net: Name=GND
Added Pin To Net: NetName=NetC3_1 Pin=C3-1
Added Pin To Net: NetName=NetC3_1 Pin=R1-1
Added Pin To Net: NetName=NetC3_1 Pin=R2-2
Added Net: Name=NetC3_1
Added Pin To Net: NetName=NetC3_2 Pin=C3-2
Added Pin To Net: NetName=NetC3_2 Pin=R4-1
Added Net: Name=NetC3_2
Added Pin To Net: NetName=NetC4_1 Pin=C4-1
Added Pin To Net: NetName=NetC4_1 Pin=R2-1
Added Pin To Net: NetName=NetC4_1 Pin=R3-2
Added Net: Name=NetC4_1
Added Pin To Net: NetName=NetC4_2 Pin=C4-2
Added Pin To Net: NetName=NetC4_2 Pin=R5-1
Added Net: Name=NetC4_2
Added Pin To Net: NetName=NetC5_1 Pin=C5-1
Added Pin To Net: NetName=NetC5_1 Pin=R11-1
Added Pin To Net: NetName=NetC5_1 Pin=R12-2
Added Net: Name=NetC5_1
Added Pin To Net: NetName=NetC5_2 Pin=C5-2
Added Pin To Net: NetName=NetC5_2 Pin=R14-1
Added Net: Name=NetC5_2
Added Pin To Net: NetName=NetC6_1 Pin=C6-1
Added Pin To Net: NetName=NetC6_1 Pin=R12-1
Added Pin To Net: NetName=NetC6_1 Pin=R13-2
Added Net: Name=NetC6_1
Added Pin To Net: NetName=NetC6_2 Pin=C6-2
Added Pin To Net: NetName=NetC6_2 Pin=R15-1
Added Net: Name=NetC6_2
Added Pin To Net: NetName=NetCON1_2 Pin=CON1-2
Added Pin To Net: NetName=NetCON1_2 Pin=IC?-9
Added Net: Name=NetCON1_2
Added Pin To Net: NetName=NetCON1_3 Pin=CON1-3
Added Pin To Net: NetName=NetCON1_3 Pin=IC?-10
Added Net: Name=NetCON1_3
Added Pin To Net: NetName=NetCON2_4 Pin=CON2-4
Added Pin To Net: NetName=NetCON2_4 Pin=IC?-6
Added Net: Name=NetCON2_4
Added Pin To Net: NetName=NetIC?_7 Pin=IC?-7
Added Pin To Net: NetName=NetIC?_7 Pin=R3-1
Added Pin To Net: NetName=NetIC?_7 Pin=R9-1
Added Net: Name=NetIC?_7
Added Pin To Net: NetName=NetR1_2 Pin=R1-2
Added Pin To Net: NetName=NetR1_2 Pin=R6-1
Added Pin To Net: NetName=NetR1_2 Pin=R7-2
Added Pin To Net: NetName=NetR1_2 Pin=R10-1
Added Net: Name=NetR1_2
Added Pin To Net: NetName=RESET Pin=CON3-4
Added Pin To Net: NetName=RESET Pin=IC?-4
Added Net: Name=RESET
Added Pin To Net: NetName=SWCLK Pin=CON3-1
Added Pin To Net: NetName=SWCLK Pin=IC?-17
Added Net: Name=SWCLK
Added Pin To Net: NetName=SWDIO Pin=CON3-3
Added Pin To Net: NetName=SWDIO Pin=IC?-16
Added Net: Name=SWDIO
Added Member To Class: ClassName=main Member=Component C1 100nF
Added Member To Class: ClassName=main Member=Component C2 4.7uF
Added Member To Class: ClassName=ADC Member=Component C3 opr
Added Member To Class: ClassName=ADC Member=Component C4 10uf
Added Member To Class: ClassName=ADC Member=Component C5 10uf
Added Member To Class: ClassName=ADC Member=Component C6 opt
Added Member To Class: ClassName=main Member=Component CON1 3 Pin
Added Member To Class: ClassName=main Member=Component CON2 5 PIN
Added Member To Class: ClassName=main Member=Component CON3 4 PIN
Added Member To Class: ClassName=ADC Member=Component IC2 TLV2462CD
Added Member To Class: ClassName=main Member=Component IC? STM32C011
Added Member To Class: ClassName=ADC Member=Component R1 0
Added Member To Class: ClassName=ADC Member=Component R2 0
Added Member To Class: ClassName=ADC Member=Component R3 330
Added Member To Class: ClassName=ADC Member=Component R4 opt
Added Member To Class: ClassName=ADC Member=Component R5 0
Added Member To Class: ClassName=ADC Member=Component R6 100k
Added Member To Class: ClassName=ADC Member=Component R7 100k
Added Member To Class: ClassName=ADC Member=Component R8 100k
Added Member To Class: ClassName=ADC Member=Component R9 1k
Added Member To Class: ClassName=ADC Member=Component R10 0
Added Member To Class: ClassName=ADC Member=Component R11 330
Added Member To Class: ClassName=ADC Member=Component R12 0
Added Member To Class: ClassName=ADC Member=Component R13 0
Added Member To Class: ClassName=ADC Member=Component R14 opt
Added Member To Class: ClassName=ADC Member=Component R15 0
Added Member To Class: ClassName=ADC Member=Component R16 100k
Added Room: Name=ADC
Added Room: Name=main
