2025-03-06 16:54:50,652 [INFO] Activator:176 - 


2025-03-06 16:54:50,656 [INFO] Activator:177 - !SESSION log4j initialized
2025-03-06 16:54:57,369 [INFO] LogOutputStream:77 - [STDOUT_REDIRECT] 
2025-03-06 16:55:03,075 [INFO] ApplicationProperties:184 - Using Application install path: C:\ST\STM32CubeIDE_1.17.0\STM32CubeIDE\plugins\com.st.stm32cube.common.mx_6.13.0.202411220809
2025-03-06 16:55:03,094 [INFO] DbMcusXml:78 - Set database path to: C:\ST\STM32CubeIDE_1.17.0\STM32CubeIDE\plugins\com.st.stm32cube.common.mx_6.13.0.202411220809\\db\/mcu/
2025-03-06 16:55:03,094 [INFO] ApiDb:274 - Set plugin database path to: C:\ST\STM32CubeIDE_1.17.0\STM32CubeIDE\plugins\com.st.stm32cube.common.mx_6.13.0.202411220809\\db\/plugins/boardmanager/
2025-03-06 16:55:03,094 [WARN] ApiDb:259 - Overriding images path with different value:  => C:\ST\STM32CubeIDE_1.17.0\STM32CubeIDE\plugins\com.st.stm32cube.common.mx_6.13.0.202411220809\\db\/plugins/mcufinder/images/
2025-03-06 16:55:03,102 [INFO] ApiDb:250 - Set database path to: C:\Users\szymo\.stmcufinder\plugins\mcufinder//mcu/
2025-03-06 16:55:03,103 [INFO] DbMcusAds:125 - Set database path to: C:\Users\szymo\.stmcufinder\plugins\mcufinder//mcu/
2025-03-06 16:55:03,105 [INFO] CrossReferenceDbSqlite:203 - Set database path to: C:\Users\szymo\.stmcufinder\plugins\mcufinder//mcu/cs/
2025-03-06 16:55:03,204 [INFO] RulesReader:64 - Compatibility file has been processed (297 Rules)
2025-03-06 16:55:03,271 [INFO] DbMcusXml:78 - Set database path to: C:\ST\STM32CubeIDE_1.17.0\STM32CubeIDE\plugins\com.st.stm32cube.common.mx_6.13.0.202411220809\\db\/mcu/
2025-03-06 16:55:03,272 [INFO] ApiDb:274 - Set plugin database path to: C:\ST\STM32CubeIDE_1.17.0\STM32CubeIDE\plugins\com.st.stm32cube.common.mx_6.13.0.202411220809\\db\/plugins/boardmanager/
2025-03-06 16:55:03,272 [INFO] ApiDb:261 - Set plugin images path to: C:\ST\STM32CubeIDE_1.17.0\STM32CubeIDE\plugins\com.st.stm32cube.common.mx_6.13.0.202411220809\\db\/plugins/mcufinder/images/
2025-03-06 16:55:03,272 [WARN] DbFile:41 - Overriding database path with different value: C:\Users\szymo\.stmcufinder\plugins\mcufinder/ => C:\Users\szymo\.stmcufinder\plugins\mcufinder
2025-03-06 16:55:03,272 [INFO] ApiDb:250 - Set database path to: C:\Users\szymo\.stmcufinder\plugins\mcufinder//mcu/
2025-03-06 16:55:03,272 [WARN] DbFile:41 - Overriding database path with different value: C:\Users\szymo\.stmcufinder\plugins\mcufinder/ => C:\Users\szymo\.stmcufinder\plugins\mcufinder
2025-03-06 16:55:03,272 [INFO] DbMcusAds:125 - Set database path to: C:\Users\szymo\.stmcufinder\plugins\mcufinder//mcu/
2025-03-06 16:55:03,272 [WARN] DbFile:41 - Overriding database path with different value: C:\Users\szymo\.stmcufinder\plugins\mcufinder/ => C:\Users\szymo\.stmcufinder\plugins\mcufinder
2025-03-06 16:55:03,272 [WARN] DbFile:41 - Overriding database path with different value: C:\Users\szymo\.stmcufinder\plugins\mcufinder/ => C:\Users\szymo\.stmcufinder\plugins\mcufinder
2025-03-06 16:55:03,272 [INFO] CrossReferenceDbSqlite:203 - Set database path to: C:\Users\szymo\.stmcufinder\plugins\mcufinder//mcu/cs/
2025-03-06 16:55:03,342 [INFO] MainPanel:272 - HeapMemory: 268435456
2025-03-06 16:55:03,438 [INFO] DbMcusXml:78 - Set database path to: C:\ST\STM32CubeIDE_1.17.0\STM32CubeIDE\plugins\com.st.stm32cube.common.mx_6.13.0.202411220809\\db\/mcu/
2025-03-06 16:55:03,438 [INFO] ApiDb:274 - Set plugin database path to: C:\ST\STM32CubeIDE_1.17.0\STM32CubeIDE\plugins\com.st.stm32cube.common.mx_6.13.0.202411220809\\db\/plugins/boardmanager/
2025-03-06 16:55:03,438 [INFO] ApiDb:261 - Set plugin images path to: C:\ST\STM32CubeIDE_1.17.0\STM32CubeIDE\plugins\com.st.stm32cube.common.mx_6.13.0.202411220809\\db\/plugins/mcufinder/images/
2025-03-06 16:55:03,439 [WARN] DbFile:41 - Overriding database path with different value: C:\Users\szymo\.stmcufinder\plugins\mcufinder/ => C:\Users\szymo\.stmcufinder\plugins\mcufinder
2025-03-06 16:55:03,439 [INFO] ApiDb:250 - Set database path to: C:\Users\szymo\.stmcufinder\plugins\mcufinder//mcu/
2025-03-06 16:55:03,439 [WARN] DbFile:41 - Overriding database path with different value: C:\Users\szymo\.stmcufinder\plugins\mcufinder/ => C:\Users\szymo\.stmcufinder\plugins\mcufinder
2025-03-06 16:55:03,439 [INFO] DbMcusAds:125 - Set database path to: C:\Users\szymo\.stmcufinder\plugins\mcufinder//mcu/
2025-03-06 16:55:03,439 [WARN] DbFile:41 - Overriding database path with different value: C:\Users\szymo\.stmcufinder\plugins\mcufinder/ => C:\Users\szymo\.stmcufinder\plugins\mcufinder
2025-03-06 16:55:03,439 [WARN] DbFile:41 - Overriding database path with different value: C:\Users\szymo\.stmcufinder\plugins\mcufinder/ => C:\Users\szymo\.stmcufinder\plugins\mcufinder
2025-03-06 16:55:03,439 [INFO] CrossReferenceDbSqlite:203 - Set database path to: C:\Users\szymo\.stmcufinder\plugins\mcufinder//mcu/cs/
2025-03-06 16:55:03,456 [INFO] ApplicationProperties:184 - Using Application install path: C:\ST\STM32CubeIDE_1.17.0\STM32CubeIDE\plugins\com.st.stm32cube.common.mx_6.13.0.202411220809
2025-03-06 16:55:03,457 [INFO] PluginManage:196 - Search for loadable plugins [exclusion list=, ]
2025-03-06 16:55:03,459 [INFO] PluginManage:310 - Check plugin analytics
2025-03-06 16:55:08,143 [INFO] AnalyticsPlugin:253 - Accepted Software Licenses: 
2025-03-06 16:55:08,144 [INFO] AnalyticsPlugin:255 - Accepted CMSIS Pack Licenses: 
2025-03-06 16:55:08,144 [INFO] AnalyticsPlugin:257 - Accepted Firmware Licenses: 
2025-03-06 16:55:08,146 [INFO] PluginManage:359 - Loaded plugin analytics (category:tool,tabindex:-1)
2025-03-06 16:55:08,146 [INFO] PluginManage:310 - Check plugin cadmodel
2025-03-06 16:55:08,165 [INFO] CADModel:105 - Init CAD model plugin
2025-03-06 16:55:08,165 [INFO] PluginManage:359 - Loaded plugin cadmodel (category:power,tabindex:5)
2025-03-06 16:55:08,165 [INFO] PluginManage:310 - Check plugin clock
2025-03-06 16:55:08,187 [INFO] PluginManage:359 - Loaded plugin clock (category:base,tabindex:2)
2025-03-06 16:55:08,187 [INFO] PluginManage:310 - Check plugin ddr
2025-03-06 16:55:08,189 [INFO] PluginManage:359 - Loaded plugin ddr (category:tool,tabindex:6)
2025-03-06 16:55:08,189 [INFO] PluginManage:310 - Check plugin filemanager
2025-03-06 16:55:08,305 [INFO] PluginManage:359 - Loaded plugin filemanager (category:base,tabindex:10)
2025-03-06 16:55:08,305 [INFO] PluginManage:310 - Check plugin ipmanager
2025-03-06 16:55:08,311 [INFO] PluginManage:359 - Loaded plugin ipmanager (category:base,tabindex:5)
2025-03-06 16:55:08,311 [INFO] PluginManage:310 - Check plugin lpbam
2025-03-06 16:55:08,326 [INFO] PluginManage:359 - Loaded plugin lpbam (category:base,tabindex:0)
2025-03-06 16:55:08,326 [INFO] PluginManage:310 - Check plugin memorymap
2025-03-06 16:55:08,347 [INFO] PluginManage:359 - Loaded plugin memorymap (category:base,tabindex:4)
2025-03-06 16:55:08,347 [INFO] PluginManage:310 - Check plugin pinoutandconfiguration
2025-03-06 16:55:08,364 [INFO] PluginManage:359 - Loaded plugin pinoutandconfiguration (category:base,tabindex:1)
2025-03-06 16:55:08,364 [INFO] PluginManage:310 - Check plugin pinoutconfig
2025-03-06 16:55:08,448 [WARN] SupportedApi:132 - Cannot load RTOS API schema: s4s-elt-must-match.1: The content of 'definitions' must match (annotation?, (simpleType | complexType)?, (unique | key | keyref)*)). A problem was found starting at: attribute.
2025-03-06 16:55:08,562 [INFO] PluginManage:359 - Loaded plugin pinoutconfig (category:base,tabindex:0)
2025-03-06 16:55:08,562 [INFO] PluginManage:310 - Check plugin power
2025-03-06 16:55:08,583 [INFO] PluginManage:359 - Loaded plugin power (category:power,tabindex:4)
2025-03-06 16:55:08,583 [INFO] PluginManage:310 - Check plugin projectmanager
2025-03-06 16:55:08,597 [INFO] PluginManage:359 - Loaded plugin projectmanager (category:projectmanager,tabindex:4)
2025-03-06 16:55:08,597 [INFO] PluginManage:310 - Check plugin rif
2025-03-06 16:55:08,615 [INFO] PluginManage:359 - Loaded plugin rif (category:base,tabindex:3)
2025-03-06 16:55:08,615 [INFO] PluginManage:310 - Check plugin thirdparty
2025-03-06 16:55:08,879 [WARN] IntegrityCheckThread:84 - waiting for thirdparty lock release [integrity check]
2025-03-06 16:55:08,880 [INFO] IntegrityCheckThread:86 - entering critical section [integrity check]
2025-03-06 16:55:08,880 [INFO] PluginManage:359 - Loaded plugin thirdparty (category:base,tabindex:-1)
2025-03-06 16:55:08,880 [INFO] PluginManage:310 - Check plugin tools
2025-03-06 16:55:08,880 [INFO] ThirdPartyUpdaterWithRetryManager:70 - Updater plugin not ready yet. [1/15]
2025-03-06 16:55:08,912 [INFO] PluginManage:359 - Loaded plugin tools (category:base,tabindex:7)
2025-03-06 16:55:08,912 [INFO] PluginManage:310 - Check plugin tutovideos
2025-03-06 16:55:09,069 [INFO] PluginManage:359 - Loaded plugin tutovideos (category:base,tabindex:-1)
2025-03-06 16:55:09,070 [INFO] PluginManage:310 - Check plugin updater
2025-03-06 16:55:09,089 [INFO] PluginManage:359 - Loaded plugin updater (category:base,tabindex:12)
2025-03-06 16:55:09,089 [INFO] PluginManage:310 - Check plugin userauth
2025-03-06 16:55:09,092 [INFO] UserAuth:118 - Init User Auth plugin
2025-03-06 16:55:09,093 [INFO] PluginManage:359 - Loaded plugin userauth (category:base,tabindex:14)
2025-03-06 16:55:09,093 [INFO] PluginManage:283 - PluginManage : Loaded plugins [18]
2025-03-06 16:55:09,266 [INFO] PinOutPanel:1589 - setPackage(No Configuration,No Configuration)
2025-03-06 16:55:09,336 [INFO] CADModel:165 - CPN selected for project level
2025-03-06 16:55:09,336 [INFO] CADModel:114 - Register for checkConnection events
2025-03-06 16:55:09,358 [INFO] IPUIPlugin:80 - create IPUIPlugin
2025-03-06 16:55:09,358 [INFO] PluginManager:220 - loadIPPluginJar : add adc
2025-03-06 16:55:09,394 [INFO] IPUIPlugin:80 - create IPUIPlugin
2025-03-06 16:55:09,394 [INFO] PluginManager:220 - loadIPPluginJar : add aes
2025-03-06 16:55:09,432 [INFO] IPUIPlugin:80 - create IPUIPlugin
2025-03-06 16:55:09,432 [INFO] PluginManager:220 - loadIPPluginJar : add can
2025-03-06 16:55:09,455 [INFO] IPUIPlugin:80 - create IPUIPlugin
2025-03-06 16:55:09,455 [INFO] PluginManager:220 - loadIPPluginJar : add comp
2025-03-06 16:55:09,487 [INFO] IPUIPlugin:80 - create IPUIPlugin
2025-03-06 16:55:09,487 [INFO] PluginManager:220 - loadIPPluginJar : add cryp
2025-03-06 16:55:09,500 [INFO] IPUIPlugin:80 - create IPUIPlugin
2025-03-06 16:55:09,500 [INFO] PluginManager:220 - loadIPPluginJar : add ddr_ctrl_phy
2025-03-06 16:55:09,532 [INFO] IPUIPlugin:80 - create IPUIPlugin
2025-03-06 16:55:09,532 [INFO] PluginManager:220 - loadIPPluginJar : add dfsdm
2025-03-06 16:55:09,546 [INFO] IPUIPlugin:80 - create IPUIPlugin
2025-03-06 16:55:09,546 [INFO] PluginManager:220 - loadIPPluginJar : add dma
2025-03-06 16:55:09,582 [INFO] IPUIPlugin:80 - create IPUIPlugin
2025-03-06 16:55:09,582 [INFO] PluginManager:220 - loadIPPluginJar : add dma3
2025-03-06 16:55:09,624 [INFO] IPUIPlugin:80 - create IPUIPlugin
2025-03-06 16:55:09,624 [INFO] PluginManager:220 - loadIPPluginJar : add extmemmanager
2025-03-06 16:55:09,644 [INFO] IPUIPlugin:80 - create IPUIPlugin
2025-03-06 16:55:09,644 [INFO] PluginManager:220 - loadIPPluginJar : add fatfs
2025-03-06 16:55:09,687 [INFO] IPUIPlugin:80 - create IPUIPlugin
2025-03-06 16:55:09,687 [INFO] PluginManager:220 - loadIPPluginJar : add fmc
2025-03-06 16:55:09,702 [INFO] IPUIPlugin:80 - create IPUIPlugin
2025-03-06 16:55:09,702 [INFO] PluginManager:220 - loadIPPluginJar : add freertos
2025-03-06 16:55:09,723 [INFO] IPUIPlugin:80 - create IPUIPlugin
2025-03-06 16:55:09,723 [INFO] PluginManager:220 - loadIPPluginJar : add genericplugin
2025-03-06 16:55:09,806 [INFO] IPUIPlugin:80 - create IPUIPlugin
2025-03-06 16:55:09,807 [INFO] PluginManager:220 - loadIPPluginJar : add gfxmmu
2025-03-06 16:55:09,932 [INFO] IPUIPlugin:80 - create IPUIPlugin
2025-03-06 16:55:09,932 [INFO] PluginManager:220 - loadIPPluginJar : add gic
2025-03-06 16:55:09,945 [INFO] IPUIPlugin:80 - create IPUIPlugin
2025-03-06 16:55:09,945 [INFO] PluginManager:220 - loadIPPluginJar : add gpio
2025-03-06 16:55:10,030 [INFO] IPUIPlugin:80 - create IPUIPlugin
2025-03-06 16:55:10,030 [INFO] PluginManager:220 - loadIPPluginJar : add gtzc
2025-03-06 16:55:10,059 [INFO] IPUIPlugin:80 - create IPUIPlugin
2025-03-06 16:55:10,060 [INFO] PluginManager:220 - loadIPPluginJar : add hash
2025-03-06 16:55:10,107 [INFO] IPUIPlugin:80 - create IPUIPlugin
2025-03-06 16:55:10,107 [INFO] PluginManager:220 - loadIPPluginJar : add i2c
2025-03-06 16:55:10,143 [INFO] IPUIPlugin:80 - create IPUIPlugin
2025-03-06 16:55:10,143 [INFO] PluginManager:220 - loadIPPluginJar : add i2s
2025-03-06 16:55:10,180 [INFO] IPUIPlugin:80 - create IPUIPlugin
2025-03-06 16:55:10,181 [INFO] PluginManager:220 - loadIPPluginJar : add i3c
2025-03-06 16:55:10,277 [INFO] IPUIPlugin:80 - create IPUIPlugin
2025-03-06 16:55:10,277 [INFO] PluginManager:220 - loadIPPluginJar : add ipddr
2025-03-06 16:55:10,359 [INFO] IPUIPlugin:80 - create IPUIPlugin
2025-03-06 16:55:10,359 [INFO] PluginManager:220 - loadIPPluginJar : add linkedlist
2025-03-06 16:55:10,392 [INFO] IPUIPlugin:80 - create IPUIPlugin
2025-03-06 16:55:10,392 [INFO] PluginManager:220 - loadIPPluginJar : add lorawan
2025-03-06 16:55:10,426 [INFO] IPUIPlugin:80 - create IPUIPlugin
2025-03-06 16:55:10,426 [INFO] PluginManager:220 - loadIPPluginJar : add ltdc
2025-03-06 16:55:10,439 [INFO] IPUIPlugin:80 - create IPUIPlugin
2025-03-06 16:55:10,440 [INFO] PluginManager:220 - loadIPPluginJar : add mdma
2025-03-06 16:55:10,452 [INFO] IPUIPlugin:80 - create IPUIPlugin
2025-03-06 16:55:10,452 [INFO] PluginManager:220 - loadIPPluginJar : add nvic
2025-03-06 16:55:10,486 [INFO] IPUIPlugin:80 - create IPUIPlugin
2025-03-06 16:55:10,486 [INFO] PluginManager:220 - loadIPPluginJar : add opamp
2025-03-06 16:55:10,543 [INFO] IPUIPlugin:80 - create IPUIPlugin
2025-03-06 16:55:10,543 [INFO] PluginManager:220 - loadIPPluginJar : add openamp
2025-03-06 16:55:10,582 [INFO] IPUIPlugin:80 - create IPUIPlugin
2025-03-06 16:55:10,583 [INFO] PluginManager:220 - loadIPPluginJar : add pdm2pcm
2025-03-06 16:55:10,596 [INFO] IPUIPlugin:80 - create IPUIPlugin
2025-03-06 16:55:10,597 [INFO] PluginManager:220 - loadIPPluginJar : add plateformsettings
2025-03-06 16:55:10,620 [INFO] IPUIPlugin:80 - create IPUIPlugin
2025-03-06 16:55:10,620 [INFO] PluginManager:220 - loadIPPluginJar : add quadspi
2025-03-06 16:55:10,645 [INFO] IPUIPlugin:80 - create IPUIPlugin
2025-03-06 16:55:10,645 [INFO] PluginManager:220 - loadIPPluginJar : add radio
2025-03-06 16:55:10,660 [INFO] IPUIPlugin:80 - create IPUIPlugin
2025-03-06 16:55:10,660 [INFO] PluginManager:220 - loadIPPluginJar : add resmgrutility
2025-03-06 16:55:10,702 [INFO] IPUIPlugin:80 - create IPUIPlugin
2025-03-06 16:55:10,702 [INFO] PluginManager:220 - loadIPPluginJar : add sai
2025-03-06 16:55:10,736 [INFO] IPUIPlugin:80 - create IPUIPlugin
2025-03-06 16:55:10,736 [INFO] PluginManager:220 - loadIPPluginJar : add spi
2025-03-06 16:55:10,797 [INFO] IPUIPlugin:80 - create IPUIPlugin
2025-03-06 16:55:10,797 [INFO] PluginManager:220 - loadIPPluginJar : add stm32_wpan
2025-03-06 16:55:10,820 [INFO] IPUIPlugin:80 - create IPUIPlugin
2025-03-06 16:55:10,820 [INFO] PluginManager:220 - loadIPPluginJar : add tim
2025-03-06 16:55:10,875 [INFO] IPUIPlugin:80 - create IPUIPlugin
2025-03-06 16:55:10,875 [INFO] PluginManager:220 - loadIPPluginJar : add touchsensing
2025-03-06 16:55:10,896 [INFO] IPUIPlugin:80 - create IPUIPlugin
2025-03-06 16:55:10,896 [INFO] PluginManager:220 - loadIPPluginJar : add tracer_emb
2025-03-06 16:55:10,919 [INFO] IPUIPlugin:80 - create IPUIPlugin
2025-03-06 16:55:10,919 [INFO] PluginManager:220 - loadIPPluginJar : add ts
2025-03-06 16:55:10,941 [INFO] IPUIPlugin:80 - create IPUIPlugin
2025-03-06 16:55:10,941 [INFO] PluginManager:220 - loadIPPluginJar : add tsc
2025-03-06 16:55:10,963 [INFO] IPUIPlugin:80 - create IPUIPlugin
2025-03-06 16:55:10,963 [INFO] PluginManager:220 - loadIPPluginJar : add ucpd
2025-03-06 16:55:11,004 [INFO] IPUIPlugin:80 - create IPUIPlugin
2025-03-06 16:55:11,004 [INFO] PluginManager:220 - loadIPPluginJar : add usart
2025-03-06 16:55:11,044 [INFO] IPUIPlugin:80 - create IPUIPlugin
2025-03-06 16:55:11,044 [INFO] PluginManager:220 - loadIPPluginJar : add usbx
2025-03-06 16:55:11,165 [FATAL] Updater:351 - Updater called before beeing initialized
2025-03-06 16:55:11,186 [INFO] RulesReader:64 - Compatibility file has been processed (297 Rules)
2025-03-06 16:55:11,197 [INFO] RulesReader:64 - Compatibility file has been processed (297 Rules)
2025-03-06 16:55:11,203 [INFO] CADModel:165 - CPN selected for project level
2025-03-06 16:55:11,203 [INFO] CADModel:114 - Register for checkConnection events
2025-03-06 16:55:11,203 [FATAL] Updater:351 - Updater called before beeing initialized
2025-03-06 16:55:11,203 [ERROR] CADModel:125 - Updater not yet initialized, retry later 
2025-03-06 16:55:11,319 [FATAL] Updater:351 - Updater called before beeing initialized
2025-03-06 16:55:11,320 [INFO] CADModel:165 - CPN selected for project level
2025-03-06 16:55:11,320 [INFO] CADModel:114 - Register for checkConnection events
2025-03-06 16:55:11,320 [FATAL] Updater:351 - Updater called before beeing initialized
2025-03-06 16:55:11,320 [ERROR] CADModel:125 - Updater not yet initialized, retry later 
2025-03-06 16:55:11,322 [FATAL] Updater:351 - Updater called before beeing initialized
2025-03-06 16:55:11,412 [FATAL] Updater:351 - Updater called before beeing initialized
2025-03-06 16:55:11,423 [INFO] DbMcusAds:53 - JSON generation date=Tue Dec 17 17:01:15 CET 2024 (1734451275111)
2025-03-06 16:55:11,423 [FATAL] Updater:351 - Updater called before beeing initialized
2025-03-06 16:55:11,457 [WARN] DetailPanel:346 - Failed to get advertising image, set to default
2025-03-06 16:55:11,699 [FATAL] Updater:351 - Updater called before beeing initialized
2025-03-06 16:55:11,701 [FATAL] Updater:351 - Updater called before beeing initialized
2025-03-06 16:55:11,701 [FATAL] Updater:351 - Updater called before beeing initialized
2025-03-06 16:55:11,701 [WARN] DetailPanel:346 - Failed to get advertising image, set to default
2025-03-06 16:55:11,702 [FATAL] Updater:351 - Updater called before beeing initialized
2025-03-06 16:55:11,759 [ERROR] Updater:1198 - MainUpdater not yet initialized. External WinMGr cannot be set.
2025-03-06 16:55:11,769 [INFO] Updater:1134 - Updater Version found : 6.13.0
2025-03-06 16:55:11,784 [INFO] ApplicationProperties:184 - Using Application install path: C:\ST\STM32CubeIDE_1.17.0\STM32CubeIDE\plugins\com.st.stm32cube.common.mx_6.13.0.202411220809
2025-03-06 16:55:11,880 [INFO] ThirdPartyUpdaterWithRetryManager:70 - Updater plugin not ready yet. [2/15]
2025-03-06 16:55:13,857 [INFO] MainUpdater:2872 - connection check result : 10
2025-03-06 16:55:13,857 [INFO] MainUpdater:289 - Updater Check For Update Now.
2025-03-06 16:55:13,858 [INFO] MicroXplorer:498 - Change Database Version : DB.6.0.130
2025-03-06 16:55:13,873 [INFO] McuFinderGlobals:63 - Set McuFinder mode to 2 (CubeIDE integrated)
2025-03-06 16:55:13,882 [INFO] UserAuth:486 - Internet connection configuration mode: 1
2025-03-06 16:55:13,915 [INFO] JxBrowserEngine:152 - Initiate JxBrowser Engine with user profile folder
2025-03-06 16:55:14,069 [INFO] CheckServerUpdateThread:120 - End of CheckServer Thread
2025-03-06 16:55:14,959 [INFO] WebApp:168 - Instantiating new browser for Auth
2025-03-06 16:55:15,124 [WARN] PackLoader:240 - Cannot read IP mode file for STMicroelectronics.FP-SNS-MOTENVWB1.1.4.0
2025-03-06 16:55:15,142 [WARN] PackLoader:240 - Cannot read IP mode file for STMicroelectronics.FP-ATR-ASTRA1.2.0.2
2025-03-06 16:55:15,156 [WARN] PackLoader:240 - Cannot read IP mode file for STMicroelectronics.FP-ATR-ASTRA1.2.0.1
2025-03-06 16:55:15,182 [WARN] PackLoader:240 - Cannot read IP mode file for STMicroelectronics.X-CUBE-SMBUS.2.1.0
2025-03-06 16:55:15,236 [WARN] PackLoader:240 - Cannot read IP mode file for STMicroelectronics.X-CUBE-AZRTOS-F7.1.1.0
2025-03-06 16:55:15,255 [WARN] PackLoader:240 - Cannot read IP mode file for STMicroelectronics.FP-SNS-FLIGHT1.5.0.2
2025-03-06 16:55:15,296 [WARN] PackLoader:240 - Cannot read IP mode file for Infineon.AIROC-Wi-Fi-Bluetooth-STM32.1.7.0
2025-03-06 16:55:15,323 [WARN] PackLoader:240 - Cannot read IP mode file for STMicroelectronics.X-CUBE-DISPLAY.3.0.0
2025-03-06 16:55:15,347 [WARN] PackLoader:240 - Cannot read IP mode file for STMicroelectronics.X-CUBE-BLE1.7.0.0
2025-03-06 16:55:15,365 [WARN] PackLoader:240 - Cannot read IP mode file for emotas.I-CUBE-CANOPEN.1.3.0
2025-03-06 16:55:15,382 [WARN] PackLoader:240 - Cannot read IP mode file for STMicroelectronics.FP-SNS-SMARTAG2.1.2.0
2025-03-06 16:55:15,405 [INFO] LogOutputStream:77 - [STDOUT_REDIRECT] 1 : Invalid condition id : UX_CORESTACK_Condition cause : null
2025-03-06 16:55:15,406 [INFO] LogOutputStream:77 - [STDOUT_REDIRECT] 1 : Invalid condition id : UX_CORESTACK_Condition cause : null
2025-03-06 16:55:15,408 [INFO] LogOutputStream:77 - [STDOUT_REDIRECT] 1 : Invalid condition id : UX_CORESTACK_Condition cause : null
2025-03-06 16:55:15,409 [INFO] LogOutputStream:77 - [STDOUT_REDIRECT] 1 : Invalid condition id : UX_CORESTACK_Condition cause : null
2025-03-06 16:55:15,410 [INFO] LogOutputStream:77 - [STDOUT_REDIRECT] 1 : Invalid condition id : UX_CORESTACK_Condition cause : null
2025-03-06 16:55:15,419 [WARN] PackLoader:240 - Cannot read IP mode file for STMicroelectronics.X-CUBE-AZRTOS-WL.2.0.0
2025-03-06 16:55:15,439 [WARN] PackLoader:240 - Cannot read IP mode file for STMicroelectronics.FP-SNS-MOTENV1.5.0.0
2025-03-06 16:55:15,459 [WARN] PackLoader:240 - Cannot read IP mode file for WES.I-CUBE-Cesium.1.3.0
2025-03-06 16:55:15,480 [WARN] PackLoader:240 - Cannot read IP mode file for STMicroelectronics.X-CUBE-BLE2.3.3.0
2025-03-06 16:55:15,501 [WARN] PackLoader:240 - Cannot read IP mode file for STMicroelectronics.X-CUBE-BLE1.7.1.0
2025-03-06 16:55:15,516 [WARN] PackLoader:240 - Cannot read IP mode file for wolfSSL.I-CUBE-wolfMQTT.1.19.2
2025-03-06 16:55:15,553 [WARN] PackLoader:240 - Cannot read IP mode file for STMicroelectronics.X-CUBE-AZRTOS-G0.1.1.0
2025-03-06 16:55:15,575 [WARN] PackLoader:240 - Cannot read IP mode file for STMicroelectronics.X-CUBE-SAFEA1.1.2.2
2025-03-06 16:55:15,593 [WARN] PackLoader:240 - Cannot read IP mode file for STMicroelectronics.X-CUBE-NFC4.3.0.0
2025-03-06 16:55:15,610 [WARN] PackLoader:240 - Cannot read IP mode file for EmbeddedOffice.I-CUBE-FS-RTOS.1.0.1
2025-03-06 16:55:15,626 [WARN] PackLoader:240 - Cannot read IP mode file for wolfSSL.I-CUBE-wolfTPM.3.8.0
2025-03-06 16:55:15,641 [WARN] PackLoader:240 - Cannot read IP mode file for RealThread.X-CUBE-RT-Thread_Nano.4.1.1
2025-03-06 16:55:15,653 [WARN] PackLoader:240 - Cannot read IP mode file for STMicroelectronics.FP-ATR-SIGFOX1.3.2.0
2025-03-06 16:55:15,666 [WARN] ConditionMgr:438 - getConditionDescription Invalid condition id : Cortex-A Device cause : null
2025-03-06 16:55:15,687 [WARN] ConditionMgr:1044 - genDependencies : Invalid condition id : Cortex-A Device cause : null
2025-03-06 16:55:15,687 [WARN] ConditionMgr:1044 - genDependencies : Invalid condition id : Cortex-A Device cause : null
2025-03-06 16:55:15,688 [WARN] ConditionMgr:1044 - genDependencies : Invalid condition id : Cortex-A Device cause : null
2025-03-06 16:55:15,702 [WARN] PackLoader:240 - Cannot read IP mode file for STMicroelectronics.X-CUBE-EEPRMA1.5.1.0
2025-03-06 16:55:15,719 [WARN] PackLoader:240 - Cannot read IP mode file for ITTIA_DB.I-CUBE-ITTIADB.8.9.0
2025-03-06 16:55:15,755 [WARN] PackLoader:240 - Cannot read IP mode file for SEGGER.I-CUBE-embOS.1.3.1
2025-03-06 16:55:15,856 [WARN] PackLoader:240 - Cannot read IP mode file for STMicroelectronics.X-CUBE-ALGOBUILD.1.4.0
2025-03-06 16:55:15,898 [WARN] PackLoader:240 - Cannot read IP mode file for STMicroelectronics.X-CUBE-AZRTOS-F4.1.1.0
2025-03-06 16:55:15,935 [INFO] WebApp:449 - Apply proxy settings
2025-03-06 16:55:15,935 [INFO] WebApp:534 - Chromium requires no authentication
2025-03-06 16:55:15,941 [WARN] PackLoader:240 - Cannot read IP mode file for STMicroelectronics.X-CUBE-AZRTOS-L5.2.0.0
2025-03-06 16:55:15,949 [INFO] WebApp:477 - Direct internet connection detected
2025-03-06 16:55:15,965 [WARN] PackLoader:240 - Cannot read IP mode file for STMicroelectronics.X-CUBE-NFC6.3.1.0
2025-03-06 16:55:15,983 [INFO] WebApp:880 - Register for checkConnection events
2025-03-06 16:55:15,983 [INFO] WebApp:449 - Apply proxy settings
2025-03-06 16:55:15,984 [INFO] WebApp:534 - Chromium requires no authentication
2025-03-06 16:55:15,984 [INFO] WebApp:477 - Direct internet connection detected
2025-03-06 16:55:15,987 [WARN] PackLoader:240 - Cannot read IP mode file for STMicroelectronics.X-CUBE-NFC7.1.0.1
2025-03-06 16:55:16,018 [WARN] ConditionMgr:438 - getConditionDescription Invalid condition id : LAN8742 Phy interface Condition cause : null
2025-03-06 16:55:16,018 [WARN] PackLoader:240 - Cannot read IP mode file for STMicroelectronics.X-CUBE-AZRTOS-L4.2.0.0
2025-03-06 16:55:16,019 [WARN] ConditionMgr:1044 - genDependencies : Invalid condition id : LAN8742 Phy interface Condition cause : null
2025-03-06 16:55:16,019 [WARN] ConditionMgr:1044 - genDependencies : Invalid condition id : LAN8742 Phy interface Condition cause : null
2025-03-06 16:55:16,020 [WARN] ConditionMgr:1044 - genDependencies : Invalid condition id : LAN8742 Phy interface Condition cause : null
2025-03-06 16:55:16,038 [WARN] PackLoader:240 - Cannot read IP mode file for STMicroelectronics.X-CUBE-SFXS2LP1.4.0.0
2025-03-06 16:55:16,064 [WARN] ConditionMgr:438 - getConditionDescription Invalid condition id : UX DEVICE CLASS RTOS Condition cause : null
2025-03-06 16:55:16,064 [WARN] ConditionMgr:438 - getConditionDescription Invalid condition id : UX DEVICE CLASS RTOS Condition cause : null
2025-03-06 16:55:16,066 [WARN] PackLoader:240 - Cannot read IP mode file for STMicroelectronics.X-CUBE-AZRTOS-WB.2.0.0
2025-03-06 16:55:16,066 [WARN] ConditionMgr:1044 - genDependencies : Invalid condition id : UX DEVICE CLASS RTOS Condition cause : null
2025-03-06 16:55:16,066 [WARN] ConditionMgr:1044 - genDependencies : Invalid condition id : UX DEVICE CLASS RTOS Condition cause : null
2025-03-06 16:55:16,067 [WARN] ConditionMgr:1044 - genDependencies : Invalid condition id : UX DEVICE CLASS RTOS Condition cause : null
2025-03-06 16:55:16,067 [WARN] ConditionMgr:1044 - genDependencies : Invalid condition id : UX DEVICE CLASS RTOS Condition cause : null
2025-03-06 16:55:16,067 [WARN] ConditionMgr:1044 - genDependencies : Invalid condition id : UX DEVICE CLASS RTOS Condition cause : null
2025-03-06 16:55:16,087 [WARN] PackLoader:240 - Cannot read IP mode file for STMicroelectronics.X-CUBE-SUBG2.5.0.0
2025-03-06 16:55:16,103 [WARN] PackLoader:240 - Cannot read IP mode file for Cesanta.I-CUBE-Mongoose.7.13.0
2025-03-06 16:55:16,128 [WARN] PackLoader:240 - Cannot read IP mode file for STMicroelectronics.X-CUBE-AZRTOS-G4.2.0.0
2025-03-06 16:55:16,143 [WARN] PackLoader:240 - Cannot read IP mode file for wolfSSL.I-CUBE-wolfSSH.1.4.20
2025-03-06 16:55:16,156 [WARN] PackLoader:240 - Cannot read IP mode file for STMicroelectronics.X-CUBE-ALS.1.0.2
2025-03-06 16:55:16,171 [WARN] PackLoader:240 - Cannot read IP mode file for portGmbH.I-Cube-SoM-uGOAL.1.1.0
2025-03-06 16:55:16,199 [WARN] PackLoader:240 - Cannot read IP mode file for STMicroelectronics.X-CUBE-AZRTOS-H7RS.1.0.0
2025-03-06 16:55:16,201 [INFO] ThirdParty:978 - Integrity check success = true
2025-03-06 16:55:16,201 [INFO] IntegrityCheckThread:100 - exiting critical section [integrity check]
2025-03-06 16:55:16,202 [INFO] IntegrityCheckThread:103 - End integrity checks thread
2025-03-06 16:55:16,226 [INFO] WebApp:221 - Starting web application
2025-03-06 16:55:16,226 [INFO] WebApp:579 - Web application path used C:\ST\STM32CubeIDE_1.17.0\STM32CubeIDE\plugins\com.st.stm32cube.common.mx_6.13.0.202411220809\db\plugins\mcufinder\reactClient1\index.html
2025-03-06 16:55:16,397 [INFO] UserAuth:486 - Internet connection configuration mode: 1
2025-03-06 16:55:17,141 [INFO] WebApp:187 - Connection restablished
2025-03-06 17:00:59,594 [ERROR] LogOutputStream:75 - [STDERR_REDIRECT] 
