Added Component: Designator=C1(C 0603)
Added Component: Designator=C2(C 0603)
Added Component: Designator=C3(C 0402)
Added Component: Designator=CON1(Goldpin 2.54MM 4P)
Added Component: Designator=CON2(Goldpin 2.54mm 5P)
Added Component: Designator=IC1(UFQFPN20 - byMe)
Add component (AddParameter): Name = "ComponentLink1Description"; Value = "Datasheet"; VariantName = "[No Variations]"
Add component (AddParameter): Name = "ComponentLink1URL"; Value = "https://www.alldatasheet.com/datasheet-pdf/download/1583958/STMICROELECTRONICS/STM32C011F4U6TR.html"; VariantName = "[No Variations]"
Added Component: Designator=IC2(SOP65P490X110-8N)
Add component (AddParameter): Name = "Arrow Part Number"; Value = "TLV2462CDGKR"; VariantName = "[No Variations]"
Add component (AddParameter): Name = "Arrow Price/Stock"; Value = "https://www.arrow.com/en/products/tlv2462cdgkr/texas-instruments?region=nac"; VariantName = "[No Variations]"
Add component (AddParameter): Name = "Datasheet Link"; Value = "http://www.ti.com/lit/gpn/TLV2462"; VariantName = "[No Variations]"
Add component (AddParameter): Name = "Height"; Value = "1.1mm"; VariantName = "[No Variations]"
Add component (AddParameter): Name = "Manufacturer_Name"; Value = "Texas Instruments"; VariantName = "[No Variations]"
Add component (AddParameter): Name = "Manufacturer_Part_Number"; Value = "TLV2462CDGKR"; VariantName = "[No Variations]"
Add component (AddParameter): Name = "Mouser Part Number"; Value = "595-TLV2462CDGKR"; VariantName = "[No Variations]"
Add component (AddParameter): Name = "Mouser Price/Stock"; Value = "https://www.mouser.co.uk/ProductDetail/Texas-Instruments/TLV2462CDGKR?qs=Fg5TsMy7H4uE1B0PPHeSQQ%3D%3D"; VariantName = "[No Variations]"
Added Component: Designator=IC3(SOP65P490X110-8N)
Add component (AddParameter): Name = "Arrow Part Number"; Value = "TLV2462CDGKR"; VariantName = "[No Variations]"
Add component (AddParameter): Name = "Arrow Price/Stock"; Value = "https://www.arrow.com/en/products/tlv2462cdgkr/texas-instruments?region=nac"; VariantName = "[No Variations]"
Add component (AddParameter): Name = "Datasheet Link"; Value = "http://www.ti.com/lit/gpn/TLV2462"; VariantName = "[No Variations]"
Add component (AddParameter): Name = "Height"; Value = "1.1mm"; VariantName = "[No Variations]"
Add component (AddParameter): Name = "Manufacturer_Name"; Value = "Texas Instruments"; VariantName = "[No Variations]"
Add component (AddParameter): Name = "Manufacturer_Part_Number"; Value = "TLV2462CDGKR"; VariantName = "[No Variations]"
Add component (AddParameter): Name = "Mouser Part Number"; Value = "595-TLV2462CDGKR"; VariantName = "[No Variations]"
Add component (AddParameter): Name = "Mouser Price/Stock"; Value = "https://www.mouser.co.uk/ProductDetail/Texas-Instruments/TLV2462CDGKR?qs=Fg5TsMy7H4uE1B0PPHeSQQ%3D%3D"; VariantName = "[No Variations]"
Added Component: Designator=PROG(BM04B-SRSS-TB)
Added Component: Designator=R1(R 0402)
Added Component: Designator=R2(R 0402)
Added Component: Designator=R3(R 0402)
Added Component: Designator=R4(R 0402)
Added Component: Designator=R5(R 0402)
Added Component: Designator=R6(R 0402)
Added Component: Designator=R7(R 0402)
Added Component: Designator=R8(R 0402)
Added Pin To Net: NetName=3.3V Pin=C1-1
Added Pin To Net: NetName=3.3V Pin=C2-1
Added Pin To Net: NetName=3.3V Pin=CON1-4
Added Pin To Net: NetName=3.3V Pin=CON2-1
Added Pin To Net: NetName=3.3V Pin=CON2-5
Added Pin To Net: NetName=3.3V Pin=IC1-2
Added Pin To Net: NetName=3.3V Pin=IC2-8
Added Pin To Net: NetName=3.3V Pin=IC3-8
Added Pin To Net: NetName=3.3V Pin=R3-1
Added Net: Name=3.3V
Added Pin To Net: NetName=A_NEG_IN_1 Pin=IC2-2
Added Pin To Net: NetName=A_NEG_IN_1 Pin=R1-1
Added Pin To Net: NetName=A_NEG_IN_1 Pin=R2-2
Added Net: Name=A_NEG_IN_1
Added Pin To Net: NetName=A_NEG_IN_2 Pin=C3-2
Added Pin To Net: NetName=A_NEG_IN_2 Pin=IC2-6
Added Pin To Net: NetName=A_NEG_IN_2 Pin=R4-1
Added Net: Name=A_NEG_IN_2
Added Pin To Net: NetName=A_OUT_1 Pin=IC2-1
Added Pin To Net: NetName=A_OUT_1 Pin=R2-1
Added Pin To Net: NetName=A_OUT_1 Pin=R4-2
Added Net: Name=A_OUT_1
Added Pin To Net: NetName=A_OUT_2 Pin=C3-1
Added Pin To Net: NetName=A_OUT_2 Pin=IC2-7
Added Pin To Net: NetName=A_OUT_2 Pin=IC3-2
Added Net: Name=A_OUT_2
Added Pin To Net: NetName=A_POS_IN_1 Pin=IC2-3
Added Pin To Net: NetName=A_POS_IN_1 Pin=R5-1
Added Pin To Net: NetName=A_POS_IN_1 Pin=R7-1
Added Net: Name=A_POS_IN_1
Added Pin To Net: NetName=A_POS_IN_2 Pin=C1-2
Added Pin To Net: NetName=A_POS_IN_2 Pin=C2-2
Added Pin To Net: NetName=A_POS_IN_2 Pin=CON1-3
Added Pin To Net: NetName=A_POS_IN_2 Pin=CON2-4
Added Pin To Net: NetName=A_POS_IN_2 Pin=IC1-3
Added Pin To Net: NetName=A_POS_IN_2 Pin=IC2-4
Added Pin To Net: NetName=A_POS_IN_2 Pin=IC2-5
Added Pin To Net: NetName=A_POS_IN_2 Pin=IC3-4
Added Pin To Net: NetName=A_POS_IN_2 Pin=PROG-2
Added Pin To Net: NetName=A_POS_IN_2 Pin=R7-2
Added Pin To Net: NetName=A_POS_IN_2 Pin=R8-2
Added Net: Name=A_POS_IN_2
Added Pin To Net: NetName=B_OUT_1 Pin=IC1-6
Added Pin To Net: NetName=B_OUT_1 Pin=IC3-1
Added Pin To Net: NetName=B_OUT_1 Pin=R1-2
Added Pin To Net: NetName=B_OUT_1 Pin=R6-2
Added Net: Name=B_OUT_1
Added Pin To Net: NetName=B_POS_IN_1 Pin=IC3-3
Added Pin To Net: NetName=B_POS_IN_1 Pin=R3-2
Added Pin To Net: NetName=B_POS_IN_1 Pin=R6-1
Added Pin To Net: NetName=B_POS_IN_1 Pin=R8-1
Added Net: Name=B_POS_IN_1
Added Pin To Net: NetName=NetCON1_1 Pin=CON1-1
Added Pin To Net: NetName=NetCON1_1 Pin=IC1-18
Added Net: Name=NetCON1_1
Added Pin To Net: NetName=NetCON1_2 Pin=CON1-2
Added Pin To Net: NetName=NetCON1_2 Pin=IC1-19
Added Net: Name=NetCON1_2
Added Pin To Net: NetName=NetCON2_2 Pin=CON2-2
Added Pin To Net: NetName=NetCON2_2 Pin=IC1-7
Added Net: Name=NetCON2_2
Added Pin To Net: NetName=NetCON2_3 Pin=CON2-3
Added Pin To Net: NetName=NetCON2_3 Pin=R5-2
Added Net: Name=NetCON2_3
Added Pin To Net: NetName=RESET Pin=IC1-4
Added Pin To Net: NetName=RESET Pin=PROG-4
Added Net: Name=RESET
Added Pin To Net: NetName=SWCLK Pin=IC1-17
Added Pin To Net: NetName=SWCLK Pin=PROG-1
Added Net: Name=SWCLK
Added Pin To Net: NetName=SWDIO Pin=IC1-16
Added Pin To Net: NetName=SWDIO Pin=PROG-3
Added Net: Name=SWDIO
Added Class: Name=adc
Added Class: Name=main
Added Room: Name=adc
Added Room: Name=main
