Removed Pin From Net: NetName=SWCLK Pin=CON1-1
Removed Pin From Net: NetName=SWDIO Pin=CON1-2
Removed Pin From Net: NetName=UART_TX Pin=CON1-3
Removed Pin From Net: NetName=RESET Pin=CON1-4
Removed Pin From Net: NetName=GND Pin=CON1-5
Removed Pin From Net: NetName=B_OUT_2 Pin=IC1-10
Removed Pin From Net: NetName=UART_TX Pin=IC1-13
Change Component Footprint: Designator=CON1 Old Footprint=Goldpin 2.54mm 5P New Footprint=Goldpin 2.54MM 3P
Change Component Comment : Designator=CON1 Old Comment=5 PIN New Comment=3 Pin
Added Component: Designator=PROG(BM04B-SRSS-TB)
Added Pin To Net: NetName=GND Pin=CON1-1
Added Pin To Net: NetName=UART_TX Pin=CON1-2
Added Pin To Net: NetName=B_OUT_2 Pin=IC1-7
Added Pin To Net: NetName=UART_TX Pin=IC1-9
Added Pin To Net: NetName=RESET Pin=PROG-1
Added Pin To Net: NetName=SWDIO Pin=PROG-2
Added Pin To Net: NetName=GND Pin=PROG-3
Added Pin To Net: NetName=SWCLK Pin=PROG-4
Added Pin To Net: NetName=UART_RX Pin=CON1-3
Added Pin To Net: NetName=UART_RX Pin=IC1-10
Added Net: Name=UART_RX
Added Member To Class: ClassName=main Member=Component PROG 4 PIN
Added Room: Name=adc
Added Room: Name=main
