Removed Pin From Net: NetName=A_OUT_2 Pin=IC3-6
Change Component Comment : Designator=C3 Old Comment=5.8uF New Comment=1uF
Added Component: Designator=C4(C 0402)
Added Component: Designator=R9(R 0402)
Added Pin To Net: NetName=GND Pin=IC3-2
Added Pin To Net: NetName=A_OUT_2 Pin=R9-2
Change Net Name : Old Net Name=B_OUT_1 New Net Name=B_OUT_2
Change Net Name : Old Net Name=B_POS_IN_1 New Net Name=B_POS_IN_2
Added Pin To Net: NetName=B_NEG_IN_2 Pin=C4-1
Added Pin To Net: NetName=B_NEG_IN_2 Pin=IC3-1
Added Pin To Net: NetName=B_NEG_IN_2 Pin=IC3-6
Added Net: Name=B_NEG_IN_2
Added Pin To Net: NetName=B_POS_IN_1 Pin=C4-2
Added Pin To Net: NetName=B_POS_IN_1 Pin=IC3-3
Added Pin To Net: NetName=B_POS_IN_1 Pin=R9-1
Added Net: Name=B_POS_IN_1
Added Member To Class: ClassName=adc Member=Component C4 1uF
Added Member To Class: ClassName=adc Member=Component R9 1k
Added Room: Name=adc
Added Room: Name=main
