Added Component: Designator=C1(C 0603)
Added Component: Designator=C2(C 0603)
Added Component: Designator=C3(C 0402)
Added Component: Designator=C4(C 0402)
Added Component: Designator=C5(C 0402)
Added Component: Designator=C6(C 0402)
Added Component: Designator=CON1(Goldpin 2.54MM 4P)
Added Component: Designator=CON2(Goldpin 2.54MM 4P)
Added Component: Designator=IC1(SOP65P490X110-8N)
Add component (AddParameter): Name = "Arrow Part Number"; Value = "TLV2462CDGKR"; VariantName = "[No Variations]"
Add component (AddParameter): Name = "Arrow Price/Stock"; Value = "https://www.arrow.com/en/products/tlv2462cdgkr/texas-instruments?region=nac"; VariantName = "[No Variations]"
Add component (AddParameter): Name = "ComponentLink1Description"; Value = "digikey"; VariantName = "[No Variations]"
Add component (AddParameter): Name = "ComponentLink1URL"; Value = "https://www.digikey.pl/pl/products/detail/texas-instruments/TLV2462CDGKR/1677686"; VariantName = "[No Variations]"
Add component (AddParameter): Name = "Datasheet Link"; Value = "http://www.ti.com/lit/gpn/TLV2462"; VariantName = "[No Variations]"
Add component (AddParameter): Name = "Height"; Value = "1.1mm"; VariantName = "[No Variations]"
Add component (AddParameter): Name = "Manufacturer_Name"; Value = "Texas Instruments"; VariantName = "[No Variations]"
Add component (AddParameter): Name = "Manufacturer_Part_Number"; Value = "TLV2462CDGKR"; VariantName = "[No Variations]"
Add component (AddParameter): Name = "Mouser Part Number"; Value = "595-TLV2462CDGKR"; VariantName = "[No Variations]"
Add component (AddParameter): Name = "Mouser Price/Stock"; Value = "https://www.mouser.co.uk/ProductDetail/Texas-Instruments/TLV2462CDGKR?qs=Fg5TsMy7H4uE1B0PPHeSQQ%3D%3D"; VariantName = "[No Variations]"
Added Component: Designator=IC?(SOT65P280X110-8N)
Add component (AddParameter): Name = "Arrow Part Number"; Value = "LM2903BIDDFR"; VariantName = "[No Variations]"
Add component (AddParameter): Name = "Arrow Price/Stock"; Value = "https://www.arrow.com/en/products/lm2903biddfr/texas-instruments"; VariantName = "[No Variations]"
Add component (AddParameter): Name = "Datasheet Link"; Value = "https://www.ti.com/lit/ds/symlink/lm2903b.pdf"; VariantName = "[No Variations]"
Add component (AddParameter): Name = "Height"; Value = "1.1mm"; VariantName = "[No Variations]"
Add component (AddParameter): Name = "Manufacturer_Name"; Value = "Texas Instruments"; VariantName = "[No Variations]"
Add component (AddParameter): Name = "Manufacturer_Part_Number"; Value = "LM2903BIDDFR"; VariantName = "[No Variations]"
Add component (AddParameter): Name = "Mouser Part Number"; Value = "595-LM2903BIDDFR"; VariantName = "[No Variations]"
Add component (AddParameter): Name = "Mouser Price/Stock"; Value = "https://www.mouser.co.uk/ProductDetail/Texas-Instruments/LM2903BIDDFR?qs=zW32dvEIR3tE88esuzsygA%3D%3D"; VariantName = "[No Variations]"
Added Component: Designator=PROG(BM04B-SRSS-TB)
Added Component: Designator=R1(R 0402)
Added Component: Designator=R2(R 0402)
Added Component: Designator=R3(R 0402)
Added Component: Designator=R4(R 0402)
Added Pin To Net: NetName=3.3V Pin=C1-1
Added Pin To Net: NetName=3.3V Pin=C2-1
Added Pin To Net: NetName=3.3V Pin=CON1-4
Added Pin To Net: NetName=3.3V Pin=CON2-4
Added Pin To Net: NetName=3.3V Pin=IC1-8
Added Pin To Net: NetName=3.3V Pin=IC?-8
Added Net: Name=3.3V
Added Pin To Net: NetName=GND Pin=IC1-6
Added Net: Name=GND
Added Pin To Net: NetName=MODE_SEL Pin=CON1-2
Added Net: Name=MODE_SEL
Added Pin To Net: NetName=NetC3_1 Pin=C3-1
Added Pin To Net: NetName=NetC3_1 Pin=R1-2
Added Pin To Net: NetName=NetC3_1 Pin=R2-1
Added Net: Name=NetC3_1
Added Pin To Net: NetName=NetC4_1 Pin=C4-1
Added Pin To Net: NetName=NetC4_1 Pin=R2-2
Added Pin To Net: NetName=NetC4_1 Pin=R3-1
Added Net: Name=NetC4_1
Added Pin To Net: NetName=NetC5_1 Pin=C5-1
Added Pin To Net: NetName=NetC5_1 Pin=IC1-2
Added Pin To Net: NetName=NetC5_1 Pin=R3-2
Added Net: Name=NetC5_1
Added Pin To Net: NetName=NetC6_1 Pin=C6-1
Added Pin To Net: NetName=NetC6_1 Pin=IC1-5
Added Pin To Net: NetName=NetC6_1 Pin=R4-1
Added Net: Name=NetC6_1
Added Pin To Net: NetName=NetC6_2 Pin=C6-2
Added Pin To Net: NetName=NetC6_2 Pin=IC1-7
Added Pin To Net: NetName=NetC6_2 Pin=IC?-3
Added Net: Name=NetC6_2
Added Pin To Net: NetName=NetCON1_1 Pin=CON1-1
Added Pin To Net: NetName=NetCON1_1 Pin=IC1-3
Added Net: Name=NetCON1_1
Added Pin To Net: NetName=NetIC1_1 Pin=IC1-1
Added Pin To Net: NetName=NetIC1_1 Pin=R4-2
Added Net: Name=NetIC1_1
Added Pin To Net: NetName=NetIC*_5 Pin=IC?-1
Added Net: Name=NetIC*_5
Added Pin To Net: NetName=NetIC*_10 Pin=R1-1
Added Net: Name=NetIC*_10
Added Pin To Net: NetName=UART_RX Pin=CON2-2
Added Net: Name=UART_RX
Added Pin To Net: NetName=UART_TX Pin=CON2-1
Added Net: Name=UART_TX
Added Class: Name=COMPARATOR
Added Class: Name=DOUBLE OP AMP
Added Class: Name=I/O DEVICES
Added Class: Name=INTEGRATER
Added Class: Name=LOW PASS FILTER
Added Class: Name=MCU
Added Room: Name=COMPARATOR
Added Room: Name=DOUBLE OP AMP
Added Room: Name=I/O DEVICES
Added Room: Name=INTEGRATER
Added Room: Name=LOW PASS FILTER
Added Room: Name=MCU
